<?xml version="1.0" encoding="UTF-8"?>
  <testsuites tests="5" disabled="0" errors="0" failures="0" time="2194.424245727">
      <testsuite name="caprke2-e2e" package="/home/runner/work/cluster-api-provider-rke2/cluster-api-provider-rke2/test/e2e" tests="5" disabled="0" skipped="0" errors="0" failures="0" time="2194.424245727" timestamp="2024-04-26T13:07:12">
          <properties>
              <property name="SuiteSucceeded" value="true"></property>
              <property name="SuiteHasProgrammaticFocus" value="false"></property>
              <property name="SpecialSuiteFailureReason" value=""></property>
              <property name="SuiteLabels" value="[]"></property>
              <property name="RandomSeed" value="1714136829"></property>
              <property name="RandomizeAllSpecs" value="false"></property>
              <property name="LabelFilter" value=""></property>
              <property name="FocusStrings" value="Workload cluster creation"></property>
              <property name="SkipStrings" value="API Version Upgrade"></property>
              <property name="FocusFiles" value=""></property>
              <property name="SkipFiles" value=""></property>
              <property name="FailOnPending" value="false"></property>
              <property name="FailFast" value="false"></property>
              <property name="FlakeAttempts" value="0"></property>
              <property name="DryRun" value="false"></property>
              <property name="ParallelTotal" value="1"></property>
              <property name="OutputInterceptorMode" value=""></property>
          </properties>
          <testcase name="[SynchronizedBeforeSuite]" classname="caprke2-e2e" status="passed" time="47.128992406">
              <system-err>&gt; Enter [SynchronizedBeforeSuite] TOP-LEVEL - /home/runner/work/cluster-api-provider-rke2/cluster-api-provider-rke2/test/e2e/e2e_suite_test.go:116 @ 04/26/24 13:07:12.7&#xA;STEP: Initializing a runtime.Scheme with all the GVK relevant for this test - /home/runner/work/cluster-api-provider-rke2/cluster-api-provider-rke2/test/e2e/e2e_suite_test.go:122 @ 04/26/24 13:07:12.7&#xA;STEP: Loading the e2e test configuration from &#34;/home/runner/work/cluster-api-provider-rke2/cluster-api-provider-rke2/test/e2e/config/e2e_conf.yaml&#34; - /home/runner/work/cluster-api-provider-rke2/cluster-api-provider-rke2/test/e2e/e2e_suite_test.go:125 @ 04/26/24 13:07:12.701&#xA;STEP: Creating a clusterctl local repository into &#34;/home/runner/work/cluster-api-provider-rke2/cluster-api-provider-rke2/_artifacts&#34; - /home/runner/work/cluster-api-provider-rke2/cluster-api-provider-rke2/test/e2e/e2e_suite_test.go:128 @ 04/26/24 13:07:12.702&#xA;STEP: Setting up the bootstrap cluster - /home/runner/work/cluster-api-provider-rke2/cluster-api-provider-rke2/test/e2e/e2e_suite_test.go:131 @ 04/26/24 13:07:14.699&#xA;STEP: Creating the bootstrap cluster - /home/runner/work/cluster-api-provider-rke2/cluster-api-provider-rke2/test/e2e/e2e_suite_test.go:214 @ 04/26/24 13:07:14.699&#xA;INFO: Creating a kind cluster with name &#34;caprke2-e2e&#34;&#xA;INFO: The kubeconfig file for the kind cluster is /tmp/e2e-kind3100701500&#xA;INFO: Loading image: &#34;ghcr.io/rancher-sandbox/cluster-api-provider-rke2-bootstrap:v0.2.7&#34;&#xA;INFO: Image ghcr.io/rancher-sandbox/cluster-api-provider-rke2-bootstrap:v0.2.7 not present in local container image cache, will pull&#xA;INFO: Loading image: &#34;ghcr.io/rancher-sandbox/cluster-api-provider-rke2-controlplane:v0.2.7&#34;&#xA;INFO: Image ghcr.io/rancher-sandbox/cluster-api-provider-rke2-controlplane:v0.2.7 not present in local container image cache, will pull&#xA;INFO: Loading image: &#34;ghcr.io/rancher-sandbox/cluster-api-provider-rke2-bootstrap:dev&#34;&#xA;INFO: Image ghcr.io/rancher-sandbox/cluster-api-provider-rke2-bootstrap:dev is present in local container image cache&#xA;INFO: Loading image: &#34;ghcr.io/rancher-sandbox/cluster-api-provider-rke2-controlplane:dev&#34;&#xA;INFO: Image ghcr.io/rancher-sandbox/cluster-api-provider-rke2-controlplane:dev is present in local container image cache&#xA;INFO: Loading image: &#34;quay.io/jetstack/cert-manager-cainjector:v1.14.4&#34;&#xA;INFO: Image quay.io/jetstack/cert-manager-cainjector:v1.14.4 not present in local container image cache, will pull&#xA;INFO: Loading image: &#34;quay.io/jetstack/cert-manager-webhook:v1.14.4&#34;&#xA;INFO: Image quay.io/jetstack/cert-manager-webhook:v1.14.4 not present in local container image cache, will pull&#xA;INFO: Loading image: &#34;quay.io/jetstack/cert-manager-controller:v1.14.4&#34;&#xA;INFO: Image quay.io/jetstack/cert-manager-controller:v1.14.4 not present in local container image cache, will pull&#xA;&lt; Exit [SynchronizedBeforeSuite] TOP-LEVEL - /home/runner/work/cluster-api-provider-rke2/cluster-api-provider-rke2/test/e2e/e2e_suite_test.go:116 @ 04/26/24 13:07:59.828 (47.127s)&#xA;&gt; Enter [SynchronizedBeforeSuite] TOP-LEVEL - /home/runner/work/cluster-api-provider-rke2/cluster-api-provider-rke2/test/e2e/e2e_suite_test.go:116 @ 04/26/24 13:07:59.828&#xA;&lt; Exit [SynchronizedBeforeSuite] TOP-LEVEL - /home/runner/work/cluster-api-provider-rke2/cluster-api-provider-rke2/test/e2e/e2e_suite_test.go:116 @ 04/26/24 13:07:59.829 (2ms)&#xA;</system-err>
          </testcase>
          <testcase name="[It] Workload cluster creation Creating a single control-plane cluster Should create a cluster with 1 worker node and can be scaled" classname="caprke2-e2e" status="passed" time="927.739352258">
              <system-err>&gt; Enter [BeforeEach] Workload cluster creation - /home/runner/work/cluster-api-provider-rke2/cluster-api-provider-rke2/test/e2e/e2e_test.go:49 @ 04/26/24 13:07:59.829&#xA;STEP: Initializing the bootstrap cluster - /home/runner/work/cluster-api-provider-rke2/cluster-api-provider-rke2/test/e2e/e2e_test.go:57 @ 04/26/24 13:07:59.829&#xA;INFO: clusterctl init --config /home/runner/work/cluster-api-provider-rke2/cluster-api-provider-rke2/_artifacts/repository/clusterctl-config.yaml --kubeconfig /tmp/e2e-kind3100701500 --wait-providers --core cluster-api --bootstrap rke2-bootstrap --control-plane rke2-control-plane --infrastructure docker&#xA;INFO: Waiting for provider controllers to be running&#xA;STEP: Waiting for deployment capd-system/capd-controller-manager to be available - /home/runner/go/pkg/mod/sigs.k8s.io/cluster-api/test@v1.7.0/framework/ginkgoextensions/output.go:35 @ 04/26/24 13:08:16.318&#xA;INFO: Creating log watcher for controller capd-system/capd-controller-manager, pod capd-controller-manager-dcd865cc5-zs67p, container manager&#xA;STEP: Waiting for deployment capi-system/capi-controller-manager to be available - /home/runner/go/pkg/mod/sigs.k8s.io/cluster-api/test@v1.7.0/framework/ginkgoextensions/output.go:35 @ 04/26/24 13:08:16.431&#xA;INFO: Creating log watcher for controller capi-system/capi-controller-manager, pod capi-controller-manager-859cf7bfc-vwbrk, container manager&#xA;STEP: Waiting for deployment rke2-bootstrap-system/rke2-bootstrap-controller-manager to be available - /home/runner/go/pkg/mod/sigs.k8s.io/cluster-api/test@v1.7.0/framework/ginkgoextensions/output.go:35 @ 04/26/24 13:08:16.438&#xA;INFO: Creating log watcher for controller rke2-bootstrap-system/rke2-bootstrap-controller-manager, pod rke2-bootstrap-controller-manager-758c778866-rs6rk, container manager&#xA;STEP: Waiting for deployment rke2-control-plane-system/rke2-control-plane-controller-manager to be available - /home/runner/go/pkg/mod/sigs.k8s.io/cluster-api/test@v1.7.0/framework/ginkgoextensions/output.go:35 @ 04/26/24 13:08:16.445&#xA;INFO: Creating log watcher for controller rke2-control-plane-system/rke2-control-plane-controller-manager, pod rke2-control-plane-controller-manager-d6846578b-cv854, container manager&#xA;STEP: Creating a namespace for hosting the &#34;create-workload-cluster&#34; test spec - /home/runner/work/cluster-api-provider-rke2/cluster-api-provider-rke2/test/e2e/common.go:53 @ 04/26/24 13:08:16.723&#xA;INFO: Creating namespace create-workload-cluster-b8a613&#xA;INFO: Creating event watcher for namespace &#34;create-workload-cluster-b8a613&#34;&#xA;&lt; Exit [BeforeEach] Workload cluster creation - /home/runner/work/cluster-api-provider-rke2/cluster-api-provider-rke2/test/e2e/e2e_test.go:49 @ 04/26/24 13:08:16.729 (16.9s)&#xA;&gt; Enter [It] Should create a cluster with 1 worker node and can be scaled - /home/runner/work/cluster-api-provider-rke2/cluster-api-provider-rke2/test/e2e/e2e_test.go:91 @ 04/26/24 13:08:16.729&#xA;STEP: Initializes with 1 worker node - /home/runner/work/cluster-api-provider-rke2/cluster-api-provider-rke2/test/e2e/e2e_test.go:92 @ 04/26/24 13:08:16.729&#xA;STEP: Creating the RKE2 based workload cluster with name &#34;caprke2-e2e-04uwzf&#34; using the &#34;docker&#34; template (Kubernetes v1.28.1) - /home/runner/work/cluster-api-provider-rke2/cluster-api-provider-rke2/test/e2e/common.go:53 @ 04/26/24 13:08:16.729&#xA;STEP: Getting the cluster template yaml - /home/runner/work/cluster-api-provider-rke2/cluster-api-provider-rke2/test/e2e/helpers.go:95 @ 04/26/24 13:08:16.729&#xA;INFO: clusterctl config cluster caprke2-e2e-04uwzf --infrastructure docker --kubernetes-version v1.28.1 --control-plane-machine-count 1 --worker-machine-count 1 --flavor docker&#xA;STEP: Applying the cluster template yaml to the cluster - /home/runner/work/cluster-api-provider-rke2/cluster-api-provider-rke2/test/e2e/helpers.go:116 @ 04/26/24 13:08:16.753&#xA;STEP: Waiting for the cluster infrastructure to be provisioned - /home/runner/work/cluster-api-provider-rke2/cluster-api-provider-rke2/test/e2e/helpers.go:129 @ 04/26/24 13:08:17.104&#xA;STEP: Waiting for cluster to enter the provisioned phase - /home/runner/go/pkg/mod/sigs.k8s.io/cluster-api/test@v1.7.0/framework/cluster_helpers.go:134 @ 04/26/24 13:08:17.109&#xA;STEP: Waiting for RKE2 control plane to be initialized - /home/runner/work/cluster-api-provider-rke2/cluster-api-provider-rke2/test/e2e/helpers.go:136 @ 04/26/24 13:08:27.114&#xA;STEP: Getting RKE2ControlPlane control plane - /home/runner/work/cluster-api-provider-rke2/cluster-api-provider-rke2/test/e2e/helpers.go:229 @ 04/26/24 13:08:27.114&#xA;STEP: Waiting for the machine deployments to be provisioned - /home/runner/work/cluster-api-provider-rke2/cluster-api-provider-rke2/test/e2e/common.go:53 @ 04/26/24 13:08:27.118&#xA;STEP: Checking all the machines controlled by caprke2-e2e-04uwzf-md-0 are in the &#34;&lt;None&gt;&#34; failure domain - /home/runner/go/pkg/mod/sigs.k8s.io/cluster-api/test@v1.7.0/framework/ginkgoextensions/output.go:35 @ 04/26/24 13:08:27.123&#xA;STEP: Scaling up worker nodes to 3 - /home/runner/work/cluster-api-provider-rke2/cluster-api-provider-rke2/test/e2e/e2e_test.go:112 @ 04/26/24 13:09:47.171&#xA;STEP: Creating the RKE2 based workload cluster with name &#34;caprke2-e2e-04uwzf&#34; using the &#34;docker&#34; template (Kubernetes v1.28.1) - /home/runner/work/cluster-api-provider-rke2/cluster-api-provider-rke2/test/e2e/common.go:53 @ 04/26/24 13:09:47.171&#xA;STEP: Getting the cluster template yaml - /home/runner/work/cluster-api-provider-rke2/cluster-api-provider-rke2/test/e2e/helpers.go:95 @ 04/26/24 13:09:47.171&#xA;INFO: clusterctl config cluster caprke2-e2e-04uwzf --infrastructure docker --kubernetes-version v1.28.1 --control-plane-machine-count 1 --worker-machine-count 3 --flavor docker&#xA;STEP: Applying the cluster template yaml to the cluster - /home/runner/work/cluster-api-provider-rke2/cluster-api-provider-rke2/test/e2e/helpers.go:116 @ 04/26/24 13:09:47.22&#xA;STEP: Waiting for the cluster infrastructure to be provisioned - /home/runner/work/cluster-api-provider-rke2/cluster-api-provider-rke2/test/e2e/helpers.go:129 @ 04/26/24 13:09:49.509&#xA;STEP: Waiting for cluster to enter the provisioned phase - /home/runner/go/pkg/mod/sigs.k8s.io/cluster-api/test@v1.7.0/framework/cluster_helpers.go:134 @ 04/26/24 13:09:49.527&#xA;STEP: Waiting for RKE2 control plane to be initialized - /home/runner/work/cluster-api-provider-rke2/cluster-api-provider-rke2/test/e2e/helpers.go:136 @ 04/26/24 13:09:49.531&#xA;STEP: Getting RKE2ControlPlane control plane - /home/runner/work/cluster-api-provider-rke2/cluster-api-provider-rke2/test/e2e/helpers.go:229 @ 04/26/24 13:09:49.532&#xA;STEP: Waiting for the machine deployments to be provisioned - /home/runner/work/cluster-api-provider-rke2/cluster-api-provider-rke2/test/e2e/common.go:53 @ 04/26/24 13:09:49.538&#xA;STEP: Checking all the machines controlled by caprke2-e2e-04uwzf-md-0 are in the &#34;&lt;None&gt;&#34; failure domain - /home/runner/go/pkg/mod/sigs.k8s.io/cluster-api/test@v1.7.0/framework/ginkgoextensions/output.go:35 @ 04/26/24 13:09:49.55&#xA;STEP: Upgrading control plane and worker machines - /home/runner/work/cluster-api-provider-rke2/cluster-api-provider-rke2/test/e2e/e2e_test.go:133 @ 04/26/24 13:11:09.606&#xA;STEP: Creating the RKE2 based workload cluster with name &#34;caprke2-e2e-04uwzf&#34; using the &#34;docker&#34; template (Kubernetes v1.28.2) - /home/runner/work/cluster-api-provider-rke2/cluster-api-provider-rke2/test/e2e/common.go:53 @ 04/26/24 13:11:09.606&#xA;STEP: Getting the cluster template yaml - /home/runner/work/cluster-api-provider-rke2/cluster-api-provider-rke2/test/e2e/helpers.go:95 @ 04/26/24 13:11:09.606&#xA;INFO: clusterctl config cluster caprke2-e2e-04uwzf --infrastructure docker --kubernetes-version v1.28.2 --control-plane-machine-count 1 --worker-machine-count 3 --flavor docker&#xA;STEP: Applying the cluster template yaml to the cluster - /home/runner/work/cluster-api-provider-rke2/cluster-api-provider-rke2/test/e2e/helpers.go:116 @ 04/26/24 13:11:09.672&#xA;STEP: Waiting for the cluster infrastructure to be provisioned - /home/runner/work/cluster-api-provider-rke2/cluster-api-provider-rke2/test/e2e/helpers.go:129 @ 04/26/24 13:11:10.179&#xA;STEP: Waiting for cluster to enter the provisioned phase - /home/runner/go/pkg/mod/sigs.k8s.io/cluster-api/test@v1.7.0/framework/cluster_helpers.go:134 @ 04/26/24 13:11:10.186&#xA;STEP: Waiting for RKE2 control plane to be initialized - /home/runner/work/cluster-api-provider-rke2/cluster-api-provider-rke2/test/e2e/helpers.go:136 @ 04/26/24 13:11:10.191&#xA;STEP: Getting RKE2ControlPlane control plane - /home/runner/work/cluster-api-provider-rke2/cluster-api-provider-rke2/test/e2e/helpers.go:229 @ 04/26/24 13:11:10.192&#xA;STEP: Waiting for the machine deployments to be provisioned - /home/runner/work/cluster-api-provider-rke2/cluster-api-provider-rke2/test/e2e/common.go:53 @ 04/26/24 13:11:10.203&#xA;STEP: Checking all the machines controlled by caprke2-e2e-04uwzf-md-0 are in the &#34;&lt;None&gt;&#34; failure domain - /home/runner/go/pkg/mod/sigs.k8s.io/cluster-api/test@v1.7.0/framework/ginkgoextensions/output.go:35 @ 04/26/24 13:11:10.214&#xA;STEP: Waiting for machines to update - /home/runner/work/cluster-api-provider-rke2/cluster-api-provider-rke2/test/e2e/helpers.go:415 @ 04/26/24 13:11:10.247&#xA;STEP: Waiting for the control plane to be ready - /home/runner/work/cluster-api-provider-rke2/cluster-api-provider-rke2/test/e2e/helpers.go:321 @ 04/26/24 13:15:10.798&#xA;STEP: Scaling up control planes to 3 - /home/runner/work/cluster-api-provider-rke2/cluster-api-provider-rke2/test/e2e/e2e_test.go:165 @ 04/26/24 13:15:10.804&#xA;STEP: Creating the RKE2 based workload cluster with name &#34;caprke2-e2e-04uwzf&#34; using the &#34;docker&#34; template (Kubernetes v1.28.2) - /home/runner/work/cluster-api-provider-rke2/cluster-api-provider-rke2/test/e2e/common.go:53 @ 04/26/24 13:15:10.804&#xA;STEP: Getting the cluster template yaml - /home/runner/work/cluster-api-provider-rke2/cluster-api-provider-rke2/test/e2e/helpers.go:95 @ 04/26/24 13:15:10.804&#xA;INFO: clusterctl config cluster caprke2-e2e-04uwzf --infrastructure docker --kubernetes-version v1.28.2 --control-plane-machine-count 3 --worker-machine-count 3 --flavor docker&#xA;STEP: Applying the cluster template yaml to the cluster - /home/runner/work/cluster-api-provider-rke2/cluster-api-provider-rke2/test/e2e/helpers.go:116 @ 04/26/24 13:15:10.838&#xA;STEP: Waiting for the cluster infrastructure to be provisioned - /home/runner/work/cluster-api-provider-rke2/cluster-api-provider-rke2/test/e2e/helpers.go:129 @ 04/26/24 13:15:11.317&#xA;STEP: Waiting for cluster to enter the provisioned phase - /home/runner/go/pkg/mod/sigs.k8s.io/cluster-api/test@v1.7.0/framework/cluster_helpers.go:134 @ 04/26/24 13:15:11.322&#xA;STEP: Waiting for RKE2 control plane to be initialized - /home/runner/work/cluster-api-provider-rke2/cluster-api-provider-rke2/test/e2e/helpers.go:136 @ 04/26/24 13:15:11.324&#xA;STEP: Getting RKE2ControlPlane control plane - /home/runner/work/cluster-api-provider-rke2/cluster-api-provider-rke2/test/e2e/helpers.go:229 @ 04/26/24 13:15:11.325&#xA;STEP: Waiting for the machine deployments to be provisioned - /home/runner/work/cluster-api-provider-rke2/cluster-api-provider-rke2/test/e2e/common.go:53 @ 04/26/24 13:15:11.329&#xA;STEP: Checking all the machines controlled by caprke2-e2e-04uwzf-md-0 are in the &#34;&lt;None&gt;&#34; failure domain - /home/runner/go/pkg/mod/sigs.k8s.io/cluster-api/test@v1.7.0/framework/ginkgoextensions/output.go:35 @ 04/26/24 13:15:11.336&#xA;STEP: Waiting for the control plane to be ready - /home/runner/work/cluster-api-provider-rke2/cluster-api-provider-rke2/test/e2e/helpers.go:321 @ 04/26/24 13:15:11.358&#xA;STEP: Scaling control plane nodes to 1 - /home/runner/work/cluster-api-provider-rke2/cluster-api-provider-rke2/test/e2e/e2e_test.go:191 @ 04/26/24 13:19:51.488&#xA;STEP: Creating the RKE2 based workload cluster with name &#34;caprke2-e2e-04uwzf&#34; using the &#34;docker&#34; template (Kubernetes v1.28.2) - /home/runner/work/cluster-api-provider-rke2/cluster-api-provider-rke2/test/e2e/common.go:53 @ 04/26/24 13:19:51.489&#xA;STEP: Getting the cluster template yaml - /home/runner/work/cluster-api-provider-rke2/cluster-api-provider-rke2/test/e2e/helpers.go:95 @ 04/26/24 13:19:51.489&#xA;INFO: clusterctl config cluster caprke2-e2e-04uwzf --infrastructure docker --kubernetes-version v1.28.2 --control-plane-machine-count 1 --worker-machine-count 3 --flavor docker&#xA;STEP: Applying the cluster template yaml to the cluster - /home/runner/work/cluster-api-provider-rke2/cluster-api-provider-rke2/test/e2e/helpers.go:116 @ 04/26/24 13:19:51.519&#xA;STEP: Waiting for the cluster infrastructure to be provisioned - /home/runner/work/cluster-api-provider-rke2/cluster-api-provider-rke2/test/e2e/helpers.go:129 @ 04/26/24 13:19:52.225&#xA;STEP: Waiting for cluster to enter the provisioned phase - /home/runner/go/pkg/mod/sigs.k8s.io/cluster-api/test@v1.7.0/framework/cluster_helpers.go:134 @ 04/26/24 13:19:52.236&#xA;STEP: Waiting for RKE2 control plane to be initialized - /home/runner/work/cluster-api-provider-rke2/cluster-api-provider-rke2/test/e2e/helpers.go:136 @ 04/26/24 13:19:52.24&#xA;STEP: Getting RKE2ControlPlane control plane - /home/runner/work/cluster-api-provider-rke2/cluster-api-provider-rke2/test/e2e/helpers.go:229 @ 04/26/24 13:19:52.241&#xA;STEP: Waiting for the machine deployments to be provisioned - /home/runner/work/cluster-api-provider-rke2/cluster-api-provider-rke2/test/e2e/common.go:53 @ 04/26/24 13:19:52.246&#xA;STEP: Checking all the machines controlled by caprke2-e2e-04uwzf-md-0 are in the &#34;&lt;None&gt;&#34; failure domain - /home/runner/go/pkg/mod/sigs.k8s.io/cluster-api/test@v1.7.0/framework/ginkgoextensions/output.go:35 @ 04/26/24 13:19:52.252&#xA;STEP: Waiting for the control plane to be ready - /home/runner/work/cluster-api-provider-rke2/cluster-api-provider-rke2/test/e2e/helpers.go:321 @ 04/26/24 13:19:52.279&#xA;STEP: Scaling worker nodes to 1 - /home/runner/work/cluster-api-provider-rke2/cluster-api-provider-rke2/test/e2e/e2e_test.go:217 @ 04/26/24 13:22:52.356&#xA;STEP: Creating the RKE2 based workload cluster with name &#34;caprke2-e2e-04uwzf&#34; using the &#34;docker&#34; template (Kubernetes v1.28.2) - /home/runner/work/cluster-api-provider-rke2/cluster-api-provider-rke2/test/e2e/common.go:53 @ 04/26/24 13:22:52.356&#xA;STEP: Getting the cluster template yaml - /home/runner/work/cluster-api-provider-rke2/cluster-api-provider-rke2/test/e2e/helpers.go:95 @ 04/26/24 13:22:52.356&#xA;INFO: clusterctl config cluster caprke2-e2e-04uwzf --infrastructure docker --kubernetes-version v1.28.2 --control-plane-machine-count 1 --worker-machine-count 1 --flavor docker&#xA;STEP: Applying the cluster template yaml to the cluster - /home/runner/work/cluster-api-provider-rke2/cluster-api-provider-rke2/test/e2e/helpers.go:116 @ 04/26/24 13:22:52.376&#xA;STEP: Waiting for the cluster infrastructure to be provisioned - /home/runner/work/cluster-api-provider-rke2/cluster-api-provider-rke2/test/e2e/helpers.go:129 @ 04/26/24 13:22:52.775&#xA;STEP: Waiting for cluster to enter the provisioned phase - /home/runner/go/pkg/mod/sigs.k8s.io/cluster-api/test@v1.7.0/framework/cluster_helpers.go:134 @ 04/26/24 13:22:52.782&#xA;STEP: Waiting for RKE2 control plane to be initialized - /home/runner/work/cluster-api-provider-rke2/cluster-api-provider-rke2/test/e2e/helpers.go:136 @ 04/26/24 13:22:52.789&#xA;STEP: Getting RKE2ControlPlane control plane - /home/runner/work/cluster-api-provider-rke2/cluster-api-provider-rke2/test/e2e/helpers.go:229 @ 04/26/24 13:22:52.79&#xA;STEP: Waiting for the machine deployments to be provisioned - /home/runner/work/cluster-api-provider-rke2/cluster-api-provider-rke2/test/e2e/common.go:53 @ 04/26/24 13:22:52.799&#xA;STEP: Checking all the machines controlled by caprke2-e2e-04uwzf-md-0 are in the &#34;&lt;None&gt;&#34; failure domain - /home/runner/go/pkg/mod/sigs.k8s.io/cluster-api/test@v1.7.0/framework/ginkgoextensions/output.go:35 @ 04/26/24 13:22:52.806&#xA;&lt; Exit [It] Should create a cluster with 1 worker node and can be scaled - /home/runner/work/cluster-api-provider-rke2/cluster-api-provider-rke2/test/e2e/e2e_test.go:91 @ 04/26/24 13:23:12.848 (14m56.119s)&#xA;&gt; Enter [AfterEach] Workload cluster creation - /home/runner/work/cluster-api-provider-rke2/cluster-api-provider-rke2/test/e2e/e2e_test.go:71 @ 04/26/24 13:23:12.849&#xA;STEP: Dumping logs from the &#34;caprke2-e2e-04uwzf&#34; workload cluster - /home/runner/work/cluster-api-provider-rke2/cluster-api-provider-rke2/test/e2e/common.go:53 @ 04/26/24 13:23:14.882&#xA;STEP: Dumping all the Cluster API resources in the &#34;create-workload-cluster-b8a613&#34; namespace - /home/runner/work/cluster-api-provider-rke2/cluster-api-provider-rke2/test/e2e/common.go:53 @ 04/26/24 13:23:15.358&#xA;STEP: Deleting all clusters in the create-workload-cluster-b8a613 namespace - /home/runner/work/cluster-api-provider-rke2/cluster-api-provider-rke2/test/e2e/common.go:53 @ 04/26/24 13:23:15.502&#xA;STEP: Deleting cluster create-workload-cluster-b8a613/caprke2-e2e-04uwzf - /home/runner/go/pkg/mod/sigs.k8s.io/cluster-api/test@v1.7.0/framework/ginkgoextensions/output.go:35 @ 04/26/24 13:23:15.506&#xA;INFO: Waiting for the Cluster create-workload-cluster-b8a613/caprke2-e2e-04uwzf to be deleted&#xA;STEP: Waiting for cluster create-workload-cluster-b8a613/caprke2-e2e-04uwzf to be deleted - /home/runner/go/pkg/mod/sigs.k8s.io/cluster-api/test@v1.7.0/framework/ginkgoextensions/output.go:35 @ 04/26/24 13:23:15.516&#xA;STEP: Deleting namespace used for hosting the &#34;create-workload-cluster&#34; test spec - /home/runner/work/cluster-api-provider-rke2/cluster-api-provider-rke2/test/e2e/common.go:53 @ 04/26/24 13:23:25.522&#xA;INFO: Deleting namespace create-workload-cluster-b8a613&#xA;STEP: Running additional cleanup for the &#34;create-workload-cluster&#34; test spec - /home/runner/work/cluster-api-provider-rke2/cluster-api-provider-rke2/test/e2e/common.go:53 @ 04/26/24 13:23:25.527&#xA;STEP: Removing existing installations - /home/runner/work/cluster-api-provider-rke2/cluster-api-provider-rke2/test/e2e/common.go:70 @ 04/26/24 13:23:25.528&#xA;INFO: clusterctl delete --all&#xA;&lt; Exit [AfterEach] Workload cluster creation - /home/runner/work/cluster-api-provider-rke2/cluster-api-provider-rke2/test/e2e/e2e_test.go:71 @ 04/26/24 13:23:27.569 (14.72s)&#xA;</system-err>
          </testcase>
          <testcase name="[It] Workload cluster creation Creating a single control-plane cluster Should create a cluster with node annotations and set machine conditions" classname="caprke2-e2e" status="passed" time="140.932546329">
              <system-err>&gt; Enter [BeforeEach] Workload cluster creation - /home/runner/work/cluster-api-provider-rke2/cluster-api-provider-rke2/test/e2e/metadata_e2e_test.go:53 @ 04/26/24 13:23:27.571&#xA;STEP: Initializing the bootstrap cluster - /home/runner/work/cluster-api-provider-rke2/cluster-api-provider-rke2/test/e2e/metadata_e2e_test.go:61 @ 04/26/24 13:23:27.571&#xA;INFO: clusterctl init --config /home/runner/work/cluster-api-provider-rke2/cluster-api-provider-rke2/_artifacts/repository/clusterctl-config.yaml --kubeconfig /tmp/e2e-kind3100701500 --wait-providers --core cluster-api --bootstrap rke2-bootstrap --control-plane rke2-control-plane --infrastructure docker&#xA;INFO: Creating log watcher for controller rke2-control-plane-system/rke2-control-plane-controller-manager, pod rke2-control-plane-controller-manager-d6846578b-5lqdf, container manager&#xA;INFO: Creating log watcher for controller capi-system/capi-controller-manager, pod capi-controller-manager-859cf7bfc-s6rdp, container manager&#xA;INFO: Creating log watcher for controller capd-system/capd-controller-manager, pod capd-controller-manager-dcd865cc5-ld82b, container manager&#xA;INFO: Creating log watcher for controller rke2-bootstrap-system/rke2-bootstrap-controller-manager, pod rke2-bootstrap-controller-manager-758c778866-fs5gg, container manager&#xA;INFO: Waiting for provider controllers to be running&#xA;STEP: Waiting for deployment capd-system/capd-controller-manager to be available - /home/runner/go/pkg/mod/sigs.k8s.io/cluster-api/test@v1.7.0/framework/ginkgoextensions/output.go:35 @ 04/26/24 13:23:31.511&#xA;INFO: Creating log watcher for controller capd-system/capd-controller-manager, pod capd-controller-manager-dcd865cc5-ld82b, container manager&#xA;STEP: Waiting for deployment capi-system/capi-controller-manager to be available - /home/runner/go/pkg/mod/sigs.k8s.io/cluster-api/test@v1.7.0/framework/ginkgoextensions/output.go:35 @ 04/26/24 13:23:31.52&#xA;INFO: Creating log watcher for controller capi-system/capi-controller-manager, pod capi-controller-manager-859cf7bfc-s6rdp, container manager&#xA;STEP: Waiting for deployment rke2-bootstrap-system/rke2-bootstrap-controller-manager to be available - /home/runner/go/pkg/mod/sigs.k8s.io/cluster-api/test@v1.7.0/framework/ginkgoextensions/output.go:35 @ 04/26/24 13:23:31.527&#xA;INFO: Creating log watcher for controller rke2-bootstrap-system/rke2-bootstrap-controller-manager, pod rke2-bootstrap-controller-manager-758c778866-fs5gg, container manager&#xA;STEP: Waiting for deployment rke2-control-plane-system/rke2-control-plane-controller-manager to be available - /home/runner/go/pkg/mod/sigs.k8s.io/cluster-api/test@v1.7.0/framework/ginkgoextensions/output.go:35 @ 04/26/24 13:23:31.537&#xA;INFO: Creating log watcher for controller rke2-control-plane-system/rke2-control-plane-controller-manager, pod rke2-control-plane-controller-manager-d6846578b-5lqdf, container manager&#xA;STEP: Creating a namespace for hosting the &#34;create-workload-cluster&#34; test spec - /home/runner/work/cluster-api-provider-rke2/cluster-api-provider-rke2/test/e2e/common.go:53 @ 04/26/24 13:23:31.916&#xA;INFO: Creating namespace create-workload-cluster-4zxbp5&#xA;INFO: Creating event watcher for namespace &#34;create-workload-cluster-4zxbp5&#34;&#xA;&lt; Exit [BeforeEach] Workload cluster creation - /home/runner/work/cluster-api-provider-rke2/cluster-api-provider-rke2/test/e2e/metadata_e2e_test.go:53 @ 04/26/24 13:23:31.924 (4.353s)&#xA;&gt; Enter [It] Should create a cluster with node annotations and set machine conditions - /home/runner/work/cluster-api-provider-rke2/cluster-api-provider-rke2/test/e2e/metadata_e2e_test.go:95 @ 04/26/24 13:23:31.924&#xA;STEP: Initializing with node annotations - /home/runner/work/cluster-api-provider-rke2/cluster-api-provider-rke2/test/e2e/metadata_e2e_test.go:96 @ 04/26/24 13:23:31.924&#xA;STEP: Creating the RKE2 based workload cluster with name &#34;caprke2-e2e-aery6d-annotated&#34; using the &#34;docker&#34; template (Kubernetes v1.28.1) - /home/runner/work/cluster-api-provider-rke2/cluster-api-provider-rke2/test/e2e/common.go:53 @ 04/26/24 13:23:31.924&#xA;STEP: Getting the cluster template yaml - /home/runner/work/cluster-api-provider-rke2/cluster-api-provider-rke2/test/e2e/helpers.go:95 @ 04/26/24 13:23:31.924&#xA;INFO: clusterctl config cluster caprke2-e2e-aery6d-annotated --infrastructure docker --kubernetes-version v1.28.1 --control-plane-machine-count 1 --worker-machine-count 1 --flavor docker&#xA;STEP: Applying the cluster template yaml to the cluster - /home/runner/work/cluster-api-provider-rke2/cluster-api-provider-rke2/test/e2e/helpers.go:116 @ 04/26/24 13:23:31.946&#xA;STEP: Waiting for the cluster infrastructure to be provisioned - /home/runner/work/cluster-api-provider-rke2/cluster-api-provider-rke2/test/e2e/helpers.go:129 @ 04/26/24 13:23:32.691&#xA;STEP: Waiting for cluster to enter the provisioned phase - /home/runner/go/pkg/mod/sigs.k8s.io/cluster-api/test@v1.7.0/framework/cluster_helpers.go:134 @ 04/26/24 13:23:32.695&#xA;STEP: Waiting for RKE2 control plane to be initialized - /home/runner/work/cluster-api-provider-rke2/cluster-api-provider-rke2/test/e2e/helpers.go:136 @ 04/26/24 13:24:12.711&#xA;STEP: Getting RKE2ControlPlane control plane - /home/runner/work/cluster-api-provider-rke2/cluster-api-provider-rke2/test/e2e/helpers.go:229 @ 04/26/24 13:24:12.712&#xA;STEP: Waiting for the machine deployments to be provisioned - /home/runner/work/cluster-api-provider-rke2/cluster-api-provider-rke2/test/e2e/common.go:53 @ 04/26/24 13:24:12.717&#xA;STEP: Checking all the machines controlled by caprke2-e2e-aery6d-annotated-md-0 are in the &#34;&lt;None&gt;&#34; failure domain - /home/runner/go/pkg/mod/sigs.k8s.io/cluster-api/test@v1.7.0/framework/ginkgoextensions/output.go:35 @ 04/26/24 13:24:12.722&#xA;STEP: Waiting for the control plane to be ready - /home/runner/work/cluster-api-provider-rke2/cluster-api-provider-rke2/test/e2e/helpers.go:321 @ 04/26/24 13:25:22.762&#xA;STEP: Waiting for machines to have propagated metadata - /home/runner/work/cluster-api-provider-rke2/cluster-api-provider-rke2/test/e2e/metadata_e2e_test.go:128 @ 04/26/24 13:25:22.772&#xA;&lt; Exit [It] Should create a cluster with node annotations and set machine conditions - /home/runner/work/cluster-api-provider-rke2/cluster-api-provider-rke2/test/e2e/metadata_e2e_test.go:95 @ 04/26/24 13:25:22.772 (1m50.848s)&#xA;&gt; Enter [AfterEach] Workload cluster creation - /home/runner/work/cluster-api-provider-rke2/cluster-api-provider-rke2/test/e2e/metadata_e2e_test.go:75 @ 04/26/24 13:25:22.772&#xA;STEP: Dumping logs from the &#34;caprke2-e2e-aery6d-annotated&#34; workload cluster - /home/runner/work/cluster-api-provider-rke2/cluster-api-provider-rke2/test/e2e/common.go:53 @ 04/26/24 13:25:25.261&#xA;STEP: Dumping all the Cluster API resources in the &#34;create-workload-cluster-4zxbp5&#34; namespace - /home/runner/work/cluster-api-provider-rke2/cluster-api-provider-rke2/test/e2e/common.go:53 @ 04/26/24 13:25:26.227&#xA;STEP: Deleting all clusters in the create-workload-cluster-4zxbp5 namespace - /home/runner/work/cluster-api-provider-rke2/cluster-api-provider-rke2/test/e2e/common.go:53 @ 04/26/24 13:25:26.475&#xA;STEP: Deleting cluster create-workload-cluster-4zxbp5/caprke2-e2e-aery6d-annotated - /home/runner/go/pkg/mod/sigs.k8s.io/cluster-api/test@v1.7.0/framework/ginkgoextensions/output.go:35 @ 04/26/24 13:25:26.481&#xA;INFO: Waiting for the Cluster create-workload-cluster-4zxbp5/caprke2-e2e-aery6d-annotated to be deleted&#xA;STEP: Waiting for cluster create-workload-cluster-4zxbp5/caprke2-e2e-aery6d-annotated to be deleted - /home/runner/go/pkg/mod/sigs.k8s.io/cluster-api/test@v1.7.0/framework/ginkgoextensions/output.go:35 @ 04/26/24 13:25:26.492&#xA;STEP: Deleting namespace used for hosting the &#34;create-workload-cluster&#34; test spec - /home/runner/work/cluster-api-provider-rke2/cluster-api-provider-rke2/test/e2e/common.go:53 @ 04/26/24 13:25:46.505&#xA;INFO: Deleting namespace create-workload-cluster-4zxbp5&#xA;STEP: Running additional cleanup for the &#34;create-workload-cluster&#34; test spec - /home/runner/work/cluster-api-provider-rke2/cluster-api-provider-rke2/test/e2e/common.go:53 @ 04/26/24 13:25:46.51&#xA;STEP: Removing existing installations - /home/runner/work/cluster-api-provider-rke2/cluster-api-provider-rke2/test/e2e/common.go:70 @ 04/26/24 13:25:46.51&#xA;INFO: clusterctl delete --all&#xA;&lt; Exit [AfterEach] Workload cluster creation - /home/runner/work/cluster-api-provider-rke2/cluster-api-provider-rke2/test/e2e/metadata_e2e_test.go:75 @ 04/26/24 13:25:48.503 (25.731s)&#xA;</system-err>
          </testcase>
          <testcase name="[It] Workload cluster creation Creating a single control-plane cluster Should create a cluster with legacy version and perform upgrade with the current version" classname="caprke2-e2e" status="passed" time="1076.974882979">
              <system-err>&gt; Enter [BeforeEach] Workload cluster creation - /home/runner/work/cluster-api-provider-rke2/cluster-api-provider-rke2/test/e2e/e2e_upgrade_test.go:49 @ 04/26/24 13:25:48.503&#xA;STEP: Creating a namespace for hosting the &#34;create-workload-cluster&#34; test spec - /home/runner/work/cluster-api-provider-rke2/cluster-api-provider-rke2/test/e2e/common.go:53 @ 04/26/24 13:25:48.504&#xA;INFO: Creating namespace create-workload-cluster-kfxcm1&#xA;INFO: Creating event watcher for namespace &#34;create-workload-cluster-kfxcm1&#34;&#xA;&lt; Exit [BeforeEach] Workload cluster creation - /home/runner/work/cluster-api-provider-rke2/cluster-api-provider-rke2/test/e2e/e2e_upgrade_test.go:49 @ 04/26/24 13:25:48.509 (6ms)&#xA;&gt; Enter [It] Should create a cluster with legacy version and perform upgrade with the current version - /home/runner/work/cluster-api-provider-rke2/cluster-api-provider-rke2/test/e2e/e2e_upgrade_test.go:88 @ 04/26/24 13:25:48.509&#xA;STEP: Installing legacy version - /home/runner/work/cluster-api-provider-rke2/cluster-api-provider-rke2/test/e2e/e2e_upgrade_test.go:89 @ 04/26/24 13:25:48.509&#xA;INFO: clusterctl init --config /home/runner/work/cluster-api-provider-rke2/cluster-api-provider-rke2/_artifacts/repository/clusterctl-config.yaml --kubeconfig /tmp/e2e-kind3100701500 --wait-providers --core cluster-api --bootstrap rke2-bootstrap:v0.2.7 --control-plane rke2-control-plane:v0.2.7 --infrastructure docker&#xA;INFO: Creating log watcher for controller capi-system/capi-controller-manager, pod capi-controller-manager-859cf7bfc-47hzf, container manager&#xA;INFO: Creating log watcher for controller capi-system/capi-controller-manager, pod capi-controller-manager-859cf7bfc-47hzf, container manager&#xA;INFO: Creating log watcher for controller rke2-bootstrap-system/rke2-bootstrap-controller-manager, pod rke2-bootstrap-controller-manager-5d6c675774-4q6tl, container manager&#xA;INFO: Creating log watcher for controller rke2-bootstrap-system/rke2-bootstrap-controller-manager, pod rke2-bootstrap-controller-manager-5d6c675774-4q6tl, container manager&#xA;INFO: Creating log watcher for controller rke2-control-plane-system/rke2-control-plane-controller-manager, pod rke2-control-plane-controller-manager-66785889dd-4vwz4, container manager&#xA;INFO: Creating log watcher for controller rke2-control-plane-system/rke2-control-plane-controller-manager, pod rke2-control-plane-controller-manager-66785889dd-4vwz4, container manager&#xA;INFO: Creating log watcher for controller capd-system/capd-controller-manager, pod capd-controller-manager-dcd865cc5-k9l9n, container manager&#xA;INFO: Creating log watcher for controller capd-system/capd-controller-manager, pod capd-controller-manager-dcd865cc5-k9l9n, container manager&#xA;INFO: Waiting for provider controllers to be running&#xA;STEP: Waiting for deployment capd-system/capd-controller-manager to be available - /home/runner/go/pkg/mod/sigs.k8s.io/cluster-api/test@v1.7.0/framework/ginkgoextensions/output.go:35 @ 04/26/24 13:25:51.94&#xA;INFO: Creating log watcher for controller capd-system/capd-controller-manager, pod capd-controller-manager-dcd865cc5-k9l9n, container manager&#xA;STEP: Waiting for deployment capi-system/capi-controller-manager to be available - /home/runner/go/pkg/mod/sigs.k8s.io/cluster-api/test@v1.7.0/framework/ginkgoextensions/output.go:35 @ 04/26/24 13:25:51.95&#xA;INFO: Creating log watcher for controller capi-system/capi-controller-manager, pod capi-controller-manager-859cf7bfc-47hzf, container manager&#xA;STEP: Waiting for deployment rke2-bootstrap-system/rke2-bootstrap-controller-manager to be available - /home/runner/go/pkg/mod/sigs.k8s.io/cluster-api/test@v1.7.0/framework/ginkgoextensions/output.go:35 @ 04/26/24 13:25:51.957&#xA;INFO: Creating log watcher for controller rke2-bootstrap-system/rke2-bootstrap-controller-manager, pod rke2-bootstrap-controller-manager-5d6c675774-4q6tl, container manager&#xA;STEP: Waiting for deployment rke2-control-plane-system/rke2-control-plane-controller-manager to be available - /home/runner/go/pkg/mod/sigs.k8s.io/cluster-api/test@v1.7.0/framework/ginkgoextensions/output.go:35 @ 04/26/24 13:25:51.964&#xA;INFO: Creating log watcher for controller rke2-control-plane-system/rke2-control-plane-controller-manager, pod rke2-control-plane-controller-manager-66785889dd-4vwz4, container manager&#xA;STEP: Initializing the cluster - /home/runner/work/cluster-api-provider-rke2/cluster-api-provider-rke2/test/e2e/e2e_upgrade_test.go:92 @ 04/26/24 13:25:52.344&#xA;STEP: Creating the RKE2 based workload cluster with name &#34;caprke2-e2e-5quzcx-upgrade&#34; using the &#34;docker-legacy&#34; template (Kubernetes v1.28.1) - /home/runner/work/cluster-api-provider-rke2/cluster-api-provider-rke2/test/e2e/common.go:53 @ 04/26/24 13:25:52.344&#xA;STEP: Getting the cluster template yaml - /home/runner/work/cluster-api-provider-rke2/cluster-api-provider-rke2/test/e2e/helpers.go:95 @ 04/26/24 13:25:52.344&#xA;INFO: clusterctl config cluster caprke2-e2e-5quzcx-upgrade --infrastructure docker --kubernetes-version v1.28.1 --control-plane-machine-count 3 --worker-machine-count 1 --flavor docker-legacy&#xA;STEP: Applying the cluster template yaml to the cluster - /home/runner/work/cluster-api-provider-rke2/cluster-api-provider-rke2/test/e2e/helpers.go:116 @ 04/26/24 13:25:52.365&#xA;STEP: Waiting for the cluster infrastructure to be provisioned - /home/runner/work/cluster-api-provider-rke2/cluster-api-provider-rke2/test/e2e/helpers.go:129 @ 04/26/24 13:25:52.616&#xA;STEP: Waiting for cluster to enter the provisioned phase - /home/runner/go/pkg/mod/sigs.k8s.io/cluster-api/test@v1.7.0/framework/cluster_helpers.go:134 @ 04/26/24 13:25:52.623&#xA;STEP: Waiting for RKE2 control plane to be initialized - /home/runner/work/cluster-api-provider-rke2/cluster-api-provider-rke2/test/e2e/helpers.go:136 @ 04/26/24 13:26:02.632&#xA;STEP: Getting legacy RKE2ControlPlane control plane - /home/runner/work/cluster-api-provider-rke2/cluster-api-provider-rke2/test/e2e/helpers.go:250 @ 04/26/24 13:26:02.633&#xA;STEP: Waiting for the machine deployments to be provisioned - /home/runner/work/cluster-api-provider-rke2/cluster-api-provider-rke2/test/e2e/common.go:53 @ 04/26/24 13:26:02.639&#xA;STEP: Checking all the machines controlled by caprke2-e2e-5quzcx-upgrade-md-0 are in the &#34;&lt;None&gt;&#34; failure domain - /home/runner/go/pkg/mod/sigs.k8s.io/cluster-api/test@v1.7.0/framework/ginkgoextensions/output.go:35 @ 04/26/24 13:26:02.644&#xA;STEP: Waiting for the control plane to be ready - /home/runner/work/cluster-api-provider-rke2/cluster-api-provider-rke2/test/e2e/helpers.go:355 @ 04/26/24 13:28:02.714&#xA;STEP: Upgrading to current boostrap/controlplane provider version - /home/runner/work/cluster-api-provider-rke2/cluster-api-provider-rke2/test/e2e/e2e_upgrade_test.go:118 @ 04/26/24 13:30:02.779&#xA;INFO: clusterctl upgrade apply --config /home/runner/work/cluster-api-provider-rke2/cluster-api-provider-rke2/_artifacts/repository/clusterctl-config.yaml --kubeconfig /tmp/e2e-kind3100701500 --wait-providers --bootstrap rke2-bootstrap:v0.3.99 --control-plane rke2-control-plane:v0.3.99&#xA;INFO: Creating log watcher for controller rke2-bootstrap-system/rke2-bootstrap-controller-manager, pod rke2-bootstrap-controller-manager-758c778866-28xjl, container manager&#xA;INFO: Creating log watcher for controller rke2-bootstrap-system/rke2-bootstrap-controller-manager, pod rke2-bootstrap-controller-manager-758c778866-28xjl, container manager&#xA;INFO: Creating log watcher for controller rke2-bootstrap-system/rke2-bootstrap-controller-manager, pod rke2-bootstrap-controller-manager-758c778866-28xjl, container manager&#xA;INFO: Creating log watcher for controller rke2-control-plane-system/rke2-control-plane-controller-manager, pod rke2-control-plane-controller-manager-d6846578b-n54ck, container manager&#xA;INFO: Creating log watcher for controller rke2-control-plane-system/rke2-control-plane-controller-manager, pod rke2-control-plane-controller-manager-d6846578b-n54ck, container manager&#xA;INFO: Creating log watcher for controller rke2-control-plane-system/rke2-control-plane-controller-manager, pod rke2-control-plane-controller-manager-d6846578b-n54ck, container manager&#xA;INFO: Waiting for provider controllers to be running&#xA;STEP: Waiting for deployment capd-system/capd-controller-manager to be available - /home/runner/go/pkg/mod/sigs.k8s.io/cluster-api/test@v1.7.0/framework/ginkgoextensions/output.go:35 @ 04/26/24 13:30:08.335&#xA;STEP: Waiting for deployment capi-system/capi-controller-manager to be available - /home/runner/go/pkg/mod/sigs.k8s.io/cluster-api/test@v1.7.0/framework/ginkgoextensions/output.go:35 @ 04/26/24 13:30:08.342&#xA;STEP: Waiting for deployment rke2-bootstrap-system/rke2-bootstrap-controller-manager to be available - /home/runner/go/pkg/mod/sigs.k8s.io/cluster-api/test@v1.7.0/framework/ginkgoextensions/output.go:35 @ 04/26/24 13:30:08.348&#xA;STEP: Waiting for deployment rke2-control-plane-system/rke2-control-plane-controller-manager to be available - /home/runner/go/pkg/mod/sigs.k8s.io/cluster-api/test@v1.7.0/framework/ginkgoextensions/output.go:35 @ 04/26/24 13:30:08.354&#xA;STEP: Scaling down control plane to 2 - /home/runner/work/cluster-api-provider-rke2/cluster-api-provider-rke2/test/e2e/e2e_upgrade_test.go:129 @ 04/26/24 13:30:08.367&#xA;STEP: Creating the RKE2 based workload cluster with name &#34;caprke2-e2e-5quzcx-upgrade&#34; using the &#34;docker&#34; template (Kubernetes v1.28.1) - /home/runner/work/cluster-api-provider-rke2/cluster-api-provider-rke2/test/e2e/common.go:53 @ 04/26/24 13:30:08.367&#xA;STEP: Getting the cluster template yaml - /home/runner/work/cluster-api-provider-rke2/cluster-api-provider-rke2/test/e2e/helpers.go:95 @ 04/26/24 13:30:08.367&#xA;INFO: clusterctl config cluster caprke2-e2e-5quzcx-upgrade --infrastructure docker --kubernetes-version v1.28.1 --control-plane-machine-count 2 --worker-machine-count 1 --flavor docker&#xA;STEP: Applying the cluster template yaml to the cluster - /home/runner/work/cluster-api-provider-rke2/cluster-api-provider-rke2/test/e2e/helpers.go:116 @ 04/26/24 13:30:08.4&#xA;STEP: Waiting for the cluster infrastructure to be provisioned - /home/runner/work/cluster-api-provider-rke2/cluster-api-provider-rke2/test/e2e/helpers.go:129 @ 04/26/24 13:30:09.197&#xA;STEP: Waiting for cluster to enter the provisioned phase - /home/runner/go/pkg/mod/sigs.k8s.io/cluster-api/test@v1.7.0/framework/cluster_helpers.go:134 @ 04/26/24 13:30:09.205&#xA;STEP: Waiting for RKE2 control plane to be initialized - /home/runner/work/cluster-api-provider-rke2/cluster-api-provider-rke2/test/e2e/helpers.go:136 @ 04/26/24 13:30:09.208&#xA;STEP: Getting RKE2ControlPlane control plane - /home/runner/work/cluster-api-provider-rke2/cluster-api-provider-rke2/test/e2e/helpers.go:229 @ 04/26/24 13:30:09.209&#xA;STEP: Waiting for the machine deployments to be provisioned - /home/runner/work/cluster-api-provider-rke2/cluster-api-provider-rke2/test/e2e/common.go:53 @ 04/26/24 13:30:09.241&#xA;STEP: Checking all the machines controlled by caprke2-e2e-5quzcx-upgrade-md-0 are in the &#34;&lt;None&gt;&#34; failure domain - /home/runner/go/pkg/mod/sigs.k8s.io/cluster-api/test@v1.7.0/framework/ginkgoextensions/output.go:35 @ 04/26/24 13:30:09.25&#xA;STEP: Waiting for the control plane to be ready - /home/runner/work/cluster-api-provider-rke2/cluster-api-provider-rke2/test/e2e/helpers.go:321 @ 04/26/24 13:30:09.287&#xA;STEP: Upgrading control plane and worker machines and scale down to 1 - /home/runner/work/cluster-api-provider-rke2/cluster-api-provider-rke2/test/e2e/e2e_upgrade_test.go:157 @ 04/26/24 13:37:19.5&#xA;STEP: Creating the RKE2 based workload cluster with name &#34;caprke2-e2e-5quzcx-upgrade&#34; using the &#34;docker&#34; template (Kubernetes v1.28.2) - /home/runner/work/cluster-api-provider-rke2/cluster-api-provider-rke2/test/e2e/common.go:53 @ 04/26/24 13:37:19.5&#xA;STEP: Getting the cluster template yaml - /home/runner/work/cluster-api-provider-rke2/cluster-api-provider-rke2/test/e2e/helpers.go:95 @ 04/26/24 13:37:19.5&#xA;INFO: clusterctl config cluster caprke2-e2e-5quzcx-upgrade --infrastructure docker --kubernetes-version v1.28.2 --control-plane-machine-count 2 --worker-machine-count 1 --flavor docker&#xA;STEP: Applying the cluster template yaml to the cluster - /home/runner/work/cluster-api-provider-rke2/cluster-api-provider-rke2/test/e2e/helpers.go:116 @ 04/26/24 13:37:19.528&#xA;STEP: Waiting for the cluster infrastructure to be provisioned - /home/runner/work/cluster-api-provider-rke2/cluster-api-provider-rke2/test/e2e/helpers.go:129 @ 04/26/24 13:37:20.016&#xA;STEP: Waiting for cluster to enter the provisioned phase - /home/runner/go/pkg/mod/sigs.k8s.io/cluster-api/test@v1.7.0/framework/cluster_helpers.go:134 @ 04/26/24 13:37:20.025&#xA;STEP: Waiting for RKE2 control plane to be initialized - /home/runner/work/cluster-api-provider-rke2/cluster-api-provider-rke2/test/e2e/helpers.go:136 @ 04/26/24 13:37:20.029&#xA;STEP: Getting RKE2ControlPlane control plane - /home/runner/work/cluster-api-provider-rke2/cluster-api-provider-rke2/test/e2e/helpers.go:229 @ 04/26/24 13:37:20.029&#xA;STEP: Waiting for the machine deployments to be provisioned - /home/runner/work/cluster-api-provider-rke2/cluster-api-provider-rke2/test/e2e/common.go:53 @ 04/26/24 13:37:20.042&#xA;STEP: Checking all the machines controlled by caprke2-e2e-5quzcx-upgrade-md-0 are in the &#34;&lt;None&gt;&#34; failure domain - /home/runner/go/pkg/mod/sigs.k8s.io/cluster-api/test@v1.7.0/framework/ginkgoextensions/output.go:35 @ 04/26/24 13:37:20.048&#xA;STEP: Waiting for machines to update - /home/runner/work/cluster-api-provider-rke2/cluster-api-provider-rke2/test/e2e/helpers.go:415 @ 04/26/24 13:37:20.103&#xA;STEP: Waiting for the control plane to be ready - /home/runner/work/cluster-api-provider-rke2/cluster-api-provider-rke2/test/e2e/helpers.go:321 @ 04/26/24 13:42:00.353&#xA;STEP: Scale down to 1 - /home/runner/work/cluster-api-provider-rke2/cluster-api-provider-rke2/test/e2e/e2e_upgrade_test.go:189 @ 04/26/24 13:42:20.363&#xA;STEP: Creating the RKE2 based workload cluster with name &#34;caprke2-e2e-5quzcx-upgrade&#34; using the &#34;docker&#34; template (Kubernetes v1.28.2) - /home/runner/work/cluster-api-provider-rke2/cluster-api-provider-rke2/test/e2e/common.go:53 @ 04/26/24 13:42:20.363&#xA;STEP: Getting the cluster template yaml - /home/runner/work/cluster-api-provider-rke2/cluster-api-provider-rke2/test/e2e/helpers.go:95 @ 04/26/24 13:42:20.363&#xA;INFO: clusterctl config cluster caprke2-e2e-5quzcx-upgrade --infrastructure docker --kubernetes-version v1.28.2 --control-plane-machine-count 1 --worker-machine-count 1 --flavor docker&#xA;STEP: Applying the cluster template yaml to the cluster - /home/runner/work/cluster-api-provider-rke2/cluster-api-provider-rke2/test/e2e/helpers.go:116 @ 04/26/24 13:42:20.386&#xA;STEP: Waiting for the cluster infrastructure to be provisioned - /home/runner/work/cluster-api-provider-rke2/cluster-api-provider-rke2/test/e2e/helpers.go:129 @ 04/26/24 13:42:20.879&#xA;STEP: Waiting for cluster to enter the provisioned phase - /home/runner/go/pkg/mod/sigs.k8s.io/cluster-api/test@v1.7.0/framework/cluster_helpers.go:134 @ 04/26/24 13:42:20.887&#xA;STEP: Waiting for RKE2 control plane to be initialized - /home/runner/work/cluster-api-provider-rke2/cluster-api-provider-rke2/test/e2e/helpers.go:136 @ 04/26/24 13:42:20.889&#xA;STEP: Getting RKE2ControlPlane control plane - /home/runner/work/cluster-api-provider-rke2/cluster-api-provider-rke2/test/e2e/helpers.go:229 @ 04/26/24 13:42:20.89&#xA;STEP: Waiting for the machine deployments to be provisioned - /home/runner/work/cluster-api-provider-rke2/cluster-api-provider-rke2/test/e2e/common.go:53 @ 04/26/24 13:42:20.894&#xA;STEP: Checking all the machines controlled by caprke2-e2e-5quzcx-upgrade-md-0 are in the &#34;&lt;None&gt;&#34; failure domain - /home/runner/go/pkg/mod/sigs.k8s.io/cluster-api/test@v1.7.0/framework/ginkgoextensions/output.go:35 @ 04/26/24 13:42:20.9&#xA;STEP: Waiting for the control plane to be ready - /home/runner/work/cluster-api-provider-rke2/cluster-api-provider-rke2/test/e2e/helpers.go:321 @ 04/26/24 13:42:20.919&#xA;&lt; Exit [It] Should create a cluster with legacy version and perform upgrade with the current version - /home/runner/work/cluster-api-provider-rke2/cluster-api-provider-rke2/test/e2e/e2e_upgrade_test.go:88 @ 04/26/24 13:43:30.954 (17m42.444s)&#xA;&gt; Enter [AfterEach] Workload cluster creation - /home/runner/work/cluster-api-provider-rke2/cluster-api-provider-rke2/test/e2e/e2e_upgrade_test.go:68 @ 04/26/24 13:43:30.954&#xA;STEP: Dumping logs from the &#34;caprke2-e2e-5quzcx-upgrade&#34; workload cluster - /home/runner/work/cluster-api-provider-rke2/cluster-api-provider-rke2/test/e2e/common.go:53 @ 04/26/24 13:43:32.96&#xA;STEP: Dumping all the Cluster API resources in the &#34;create-workload-cluster-kfxcm1&#34; namespace - /home/runner/work/cluster-api-provider-rke2/cluster-api-provider-rke2/test/e2e/common.go:53 @ 04/26/24 13:43:33.375&#xA;STEP: Deleting all clusters in the create-workload-cluster-kfxcm1 namespace - /home/runner/work/cluster-api-provider-rke2/cluster-api-provider-rke2/test/e2e/common.go:53 @ 04/26/24 13:43:33.516&#xA;STEP: Deleting cluster create-workload-cluster-kfxcm1/caprke2-e2e-5quzcx-upgrade - /home/runner/go/pkg/mod/sigs.k8s.io/cluster-api/test@v1.7.0/framework/ginkgoextensions/output.go:35 @ 04/26/24 13:43:33.52&#xA;INFO: Waiting for the Cluster create-workload-cluster-kfxcm1/caprke2-e2e-5quzcx-upgrade to be deleted&#xA;STEP: Waiting for cluster create-workload-cluster-kfxcm1/caprke2-e2e-5quzcx-upgrade to be deleted - /home/runner/go/pkg/mod/sigs.k8s.io/cluster-api/test@v1.7.0/framework/ginkgoextensions/output.go:35 @ 04/26/24 13:43:33.529&#xA;STEP: Deleting namespace used for hosting the &#34;create-workload-cluster&#34; test spec - /home/runner/work/cluster-api-provider-rke2/cluster-api-provider-rke2/test/e2e/common.go:53 @ 04/26/24 13:43:43.541&#xA;INFO: Deleting namespace create-workload-cluster-kfxcm1&#xA;STEP: Running additional cleanup for the &#34;create-workload-cluster&#34; test spec - /home/runner/work/cluster-api-provider-rke2/cluster-api-provider-rke2/test/e2e/common.go:53 @ 04/26/24 13:43:43.546&#xA;STEP: Removing existing installations - /home/runner/work/cluster-api-provider-rke2/cluster-api-provider-rke2/test/e2e/common.go:70 @ 04/26/24 13:43:43.546&#xA;INFO: clusterctl delete --all&#xA;&lt; Exit [AfterEach] Workload cluster creation - /home/runner/work/cluster-api-provider-rke2/cluster-api-provider-rke2/test/e2e/e2e_upgrade_test.go:68 @ 04/26/24 13:43:45.478 (14.524s)&#xA;</system-err>
          </testcase>
          <testcase name="[SynchronizedAfterSuite]" classname="caprke2-e2e" status="passed" time="1.6455183610000002">
              <system-err>&gt; Enter [SynchronizedAfterSuite] TOP-LEVEL - /home/runner/work/cluster-api-provider-rke2/cluster-api-provider-rke2/test/e2e/e2e_suite_test.go:160 @ 04/26/24 13:43:45.479&#xA;&lt; Exit [SynchronizedAfterSuite] TOP-LEVEL - /home/runner/work/cluster-api-provider-rke2/cluster-api-provider-rke2/test/e2e/e2e_suite_test.go:160 @ 04/26/24 13:43:45.479 (0s)&#xA;&gt; Enter [SynchronizedAfterSuite] TOP-LEVEL - /home/runner/work/cluster-api-provider-rke2/cluster-api-provider-rke2/test/e2e/e2e_suite_test.go:160 @ 04/26/24 13:43:45.479&#xA;STEP: Dumping logs from the bootstrap cluster - /home/runner/work/cluster-api-provider-rke2/cluster-api-provider-rke2/test/e2e/e2e_suite_test.go:164 @ 04/26/24 13:43:45.479&#xA;STEP: Tearing down the management cluster - /home/runner/work/cluster-api-provider-rke2/cluster-api-provider-rke2/test/e2e/e2e_suite_test.go:167 @ 04/26/24 13:43:45.755&#xA;INFO: Error getting pod rke2-bootstrap-system/rke2-bootstrap-controller-manager-758c778866-28xjl, container manager: Get &#34;https://127.0.0.1:43127/api/v1/namespaces/rke2-bootstrap-system/pods/rke2-bootstrap-controller-manager-758c778866-28xjl&#34;: dial tcp 127.0.0.1:43127: connect: connection refused&#xA;INFO: Error getting pod rke2-bootstrap-system/rke2-bootstrap-controller-manager-758c778866-28xjl, container manager: Get &#34;https://127.0.0.1:43127/api/v1/namespaces/rke2-bootstrap-system/pods/rke2-bootstrap-controller-manager-758c778866-28xjl&#34;: dial tcp 127.0.0.1:43127: connect: connection refused&#xA;INFO: Error getting pod rke2-bootstrap-system/rke2-bootstrap-controller-manager-758c778866-28xjl, container manager: Get &#34;https://127.0.0.1:43127/api/v1/namespaces/rke2-bootstrap-system/pods/rke2-bootstrap-controller-manager-758c778866-28xjl&#34;: dial tcp 127.0.0.1:43127: connect: connection refused&#xA;INFO: Error getting pod rke2-control-plane-system/rke2-control-plane-controller-manager-d6846578b-n54ck, container manager: Get &#34;https://127.0.0.1:43127/api/v1/namespaces/rke2-control-plane-system/pods/rke2-control-plane-controller-manager-d6846578b-n54ck&#34;: dial tcp 127.0.0.1:43127: connect: connection refused&#xA;INFO: Error getting pod rke2-control-plane-system/rke2-control-plane-controller-manager-d6846578b-n54ck, container manager: Get &#34;https://127.0.0.1:43127/api/v1/namespaces/rke2-control-plane-system/pods/rke2-control-plane-controller-manager-d6846578b-n54ck&#34;: dial tcp 127.0.0.1:43127: connect: connection refused&#xA;INFO: Error getting pod rke2-control-plane-system/rke2-control-plane-controller-manager-d6846578b-n54ck, container manager: Get &#34;https://127.0.0.1:43127/api/v1/namespaces/rke2-control-plane-system/pods/rke2-control-plane-controller-manager-d6846578b-n54ck&#34;: dial tcp 127.0.0.1:43127: connect: connection refused&#xA;INFO: Error getting pod capi-system/capi-controller-manager-859cf7bfc-47hzf, container manager: Get &#34;https://127.0.0.1:43127/api/v1/namespaces/capi-system/pods/capi-controller-manager-859cf7bfc-47hzf&#34;: dial tcp 127.0.0.1:43127: connect: connection refused&#xA;INFO: Error getting pod capi-system/capi-controller-manager-859cf7bfc-47hzf, container manager: Get &#34;https://127.0.0.1:43127/api/v1/namespaces/capi-system/pods/capi-controller-manager-859cf7bfc-47hzf&#34;: dial tcp 127.0.0.1:43127: connect: connection refused&#xA;INFO: Error getting pod capd-system/capd-controller-manager-dcd865cc5-k9l9n, container manager: Get &#34;https://127.0.0.1:43127/api/v1/namespaces/capd-system/pods/capd-controller-manager-dcd865cc5-k9l9n&#34;: dial tcp 127.0.0.1:43127: connect: connection refused - error from a previous attempt: EOF&#xA;INFO: Error getting pod capi-system/capi-controller-manager-859cf7bfc-47hzf, container manager: Get &#34;https://127.0.0.1:43127/api/v1/namespaces/capi-system/pods/capi-controller-manager-859cf7bfc-47hzf&#34;: dial tcp 127.0.0.1:43127: connect: connection refused - error from a previous attempt: EOF&#xA;&lt; Exit [SynchronizedAfterSuite] TOP-LEVEL - /home/runner/work/cluster-api-provider-rke2/cluster-api-provider-rke2/test/e2e/e2e_suite_test.go:160 @ 04/26/24 13:43:47.124 (1.645s)&#xA;</system-err>
          </testcase>
      </testsuite>
  </testsuites>